<?xml version="1.0" encoding="UTF-8"?>
<!-- Generated by org.testng.reporters.JUnitReportReporter -->
<testsuite skipped="0" hostname="BDC7-L-DDJXD63" name="tet.AppiumTest" tests="2" failures="0" timestamp="2021-07-08T11:33:31 IST" time="0.005" errors="0">
  <testcase name="nativeappandroid" time="0.000" classname="tet.AppiumTest"/>
  <system-out/>
  <testcase name="IOSApps" time="0.005" classname="tet.AppiumTest"/>
  <system-out/>
</testsuite> <!-- tet.AppiumTest -->
