<?xml version="1.0" encoding="UTF-8"?>
<!-- Generated by org.testng.reporters.JUnitReportReporter -->
<testsuite skipped="0" hostname="BDC7-L-DDJXD63" name="tet.RESTAPITest" tests="2" failures="0" timestamp="2021-07-08T11:33:31 IST" time="0.000" errors="0">
  <testcase name="postJira" time="0.000" classname="tet.RESTAPITest"/>
  <system-out/>
  <testcase name="deleteTwitter" time="0.000" classname="tet.RESTAPITest"/>
  <system-out/>
</testsuite> <!-- tet.RESTAPITest -->
